<?xml version="1.0" encoding="UTF-8"?>
<!-- Generated by org.testng.reporters.JUnitReportReporter -->
<testsuite hostname="SHASHANK" failures="0" tests="2" name="com.crm.test1.test1" time="0.003" errors="0" timestamp="2022-09-03T13:12:20 IST" skipped="0">
  <testcase classname="com.crm.test1.test1" name="createcontct" time="0.001"/>
  <system-out/>
  <testcase classname="com.crm.test1.test1" name="modifycontct" time="0.002"/>
  <system-out/>
</testsuite> <!-- com.crm.test1.test1 -->
